2019-01-22 03:14:52 - Starting DemoApplication on DESKTOP-7UPU59O with PID 12868 (C:\Users\MYZIFIR\Desktop\Works\spring-boot-prime-faces-master\target\classes started by MYZIFIR in C:\Users\MYZIFIR\Desktop\Works\spring-boot-prime-faces-master)
2019-01-22 03:14:52 - Running with Spring Boot v1.5.17.RELEASE, Spring v4.3.20.RELEASE
2019-01-22 03:14:52 - The following profiles are active: dev
2019-01-22 03:15:38 - Starting DemoApplication on DESKTOP-7UPU59O with PID 6732 (C:\Users\MYZIFIR\Desktop\Works\spring-boot-prime-faces-master\target\classes started by MYZIFIR in C:\Users\MYZIFIR\Desktop\Works\spring-boot-prime-faces-master)
2019-01-22 03:15:38 - Running with Spring Boot v1.5.17.RELEASE, Spring v4.3.20.RELEASE
2019-01-22 03:15:38 - The following profiles are active: dev
2019-01-22 03:16:22 - Starting DemoApplication on DESKTOP-7UPU59O with PID 7692 (C:\Users\MYZIFIR\Desktop\Works\spring-boot-prime-faces-master\target\classes started by MYZIFIR in C:\Users\MYZIFIR\Desktop\Works\spring-boot-prime-faces-master)
2019-01-22 03:16:22 - Running with Spring Boot v1.5.17.RELEASE, Spring v4.3.20.RELEASE
2019-01-22 03:16:22 - The following profiles are active: dev
2019-01-22 03:17:52 - Starting DemoApplicationTests on DESKTOP-7UPU59O with PID 12784 (started by MYZIFIR in C:\Users\MYZIFIR\Desktop\Works\spring-boot-prime-faces-master)
2019-01-22 03:17:52 - Running with Spring Boot v1.5.17.RELEASE, Spring v4.3.20.RELEASE
2019-01-22 03:17:52 - The following profiles are active: dev
2019-01-22 03:19:12 - Starting DemoApplication on DESKTOP-7UPU59O with PID 14020 (C:\Users\MYZIFIR\Desktop\Works\spring-boot-prime-faces-master\target\classes started by MYZIFIR in C:\Users\MYZIFIR\Desktop\Works\spring-boot-prime-faces-master)
2019-01-22 03:19:12 - Running with Spring Boot v1.5.17.RELEASE, Spring v4.3.20.RELEASE
2019-01-22 03:19:12 - The following profiles are active: dev
2019-01-22 03:19:18 - Started DemoApplication in 6.655 seconds (JVM running for 7.245)
2019-01-22 03:19:18 - Application has been launched
2019-01-22 03:21:43 - Starting DemoApplication on DESKTOP-7UPU59O with PID 17316 (C:\Users\MYZIFIR\Desktop\Works\spring-boot-prime-faces-master\target\classes started by MYZIFIR in C:\Users\MYZIFIR\Desktop\Works\spring-boot-prime-faces-master)
2019-01-22 03:21:43 - Running with Spring Boot v1.5.17.RELEASE, Spring v4.3.20.RELEASE
2019-01-22 03:21:43 - The following profiles are active: dev
2019-01-22 03:22:00 - Starting DemoApplication on DESKTOP-7UPU59O with PID 16408 (C:\Users\MYZIFIR\Desktop\Works\spring-boot-prime-faces-master\target\classes started by MYZIFIR in C:\Users\MYZIFIR\Desktop\Works\spring-boot-prime-faces-master)
2019-01-22 03:22:00 - Running with Spring Boot v1.5.17.RELEASE, Spring v4.3.20.RELEASE
2019-01-22 03:22:00 - The following profiles are active: dev
2019-01-22 03:22:07 - Started DemoApplication in 6.881 seconds (JVM running for 7.47)
2019-01-22 03:22:07 - Application has been launched
2019-01-22 03:22:22 - Starting DemoApplication on DESKTOP-7UPU59O with PID 15732 (C:\Users\MYZIFIR\Desktop\Works\spring-boot-prime-faces-master\target\classes started by MYZIFIR in C:\Users\MYZIFIR\Desktop\Works\spring-boot-prime-faces-master)
2019-01-22 03:22:22 - Running with Spring Boot v1.5.17.RELEASE, Spring v4.3.20.RELEASE
2019-01-22 03:22:22 - The following profiles are active: dev
2019-01-22 03:23:14 - Starting DemoApplication on DESKTOP-7UPU59O with PID 12348 (C:\Users\MYZIFIR\Desktop\Works\spring-boot-prime-faces-master\target\classes started by MYZIFIR in C:\Users\MYZIFIR\Desktop\Works\spring-boot-prime-faces-master)
2019-01-22 03:23:14 - Running with Spring Boot v1.5.17.RELEASE, Spring v4.3.20.RELEASE
2019-01-22 03:23:14 - The following profiles are active: dev
2019-01-22 03:23:21 - Started DemoApplication in 6.871 seconds (JVM running for 7.463)
2019-01-22 03:23:21 - Application has been launched
2019-01-22 03:23:55 - Starting DemoApplication on DESKTOP-7UPU59O with PID 8404 (C:\Users\MYZIFIR\Desktop\Works\spring-boot-prime-faces-master\target\classes started by MYZIFIR in C:\Users\MYZIFIR\Desktop\Works\spring-boot-prime-faces-master)
2019-01-22 03:23:55 - Running with Spring Boot v1.5.17.RELEASE, Spring v4.3.20.RELEASE
2019-01-22 03:23:55 - The following profiles are active: dev
2019-01-22 03:24:02 - Started DemoApplication in 7.023 seconds (JVM running for 7.623)
2019-01-22 03:24:02 - Application has been launched
2019-01-22 03:24:43 - User not found: odeme@outlook.com
2019-01-22 03:24:43 - User not found: odeme@outlook.com
2019-01-22 03:24:48 - User not found: odeme@outlook.com
2019-01-22 03:24:48 - User not found: odeme@outlook.com
2019-01-22 03:36:35 - User not found: odeme@outlook.com
2019-01-22 03:36:35 - User not found: odeme@outlook.com
2019-01-22 03:57:01 - Starting DemoApplication on DESKTOP-7UPU59O with PID 16644 (C:\Users\MYZIFIR\Desktop\Works\spring-boot-prime-faces-master\target\classes started by MYZIFIR in C:\Users\MYZIFIR\Desktop\Works\spring-boot-prime-faces-master)
2019-01-22 03:57:01 - Running with Spring Boot v1.5.17.RELEASE, Spring v4.3.20.RELEASE
2019-01-22 03:57:01 - The following profiles are active: dev
2019-01-22 03:59:22 - Starting DemoApplication on DESKTOP-7UPU59O with PID 16580 (C:\Users\MYZIFIR\Desktop\Works\spring-boot-prime-faces-master\target\classes started by MYZIFIR in C:\Users\MYZIFIR\Desktop\Works\spring-boot-prime-faces-master)
2019-01-22 03:59:22 - Running with Spring Boot v1.5.17.RELEASE, Spring v4.3.20.RELEASE
2019-01-22 03:59:22 - The following profiles are active: dev
2019-01-22 04:03:03 - Starting DemoApplication on DESKTOP-7UPU59O with PID 15920 (C:\Users\MYZIFIR\Desktop\Works\spring-boot-prime-faces-master\target\classes started by MYZIFIR in C:\Users\MYZIFIR\Desktop\Works\spring-boot-prime-faces-master)
2019-01-22 04:03:03 - Running with Spring Boot v1.5.17.RELEASE, Spring v4.3.20.RELEASE
2019-01-22 04:03:03 - The following profiles are active: dev
2019-01-22 04:03:44 - Starting DemoApplication on DESKTOP-7UPU59O with PID 15404 (C:\Users\MYZIFIR\Desktop\Works\spring-boot-prime-faces-master\target\classes started by MYZIFIR in C:\Users\MYZIFIR\Desktop\Works\spring-boot-prime-faces-master)
2019-01-22 04:03:44 - Running with Spring Boot v1.5.17.RELEASE, Spring v4.3.20.RELEASE
2019-01-22 04:03:44 - The following profiles are active: dev
2019-01-22 04:04:07 - Starting DemoApplication on DESKTOP-7UPU59O with PID 17672 (C:\Users\MYZIFIR\Desktop\Works\spring-boot-prime-faces-master\target\classes started by MYZIFIR in C:\Users\MYZIFIR\Desktop\Works\spring-boot-prime-faces-master)
2019-01-22 04:04:07 - Running with Spring Boot v1.5.17.RELEASE, Spring v4.3.20.RELEASE
2019-01-22 04:04:07 - The following profiles are active: dev
2019-01-22 04:07:58 - Starting DemoApplication on DESKTOP-7UPU59O with PID 3304 (C:\Users\MYZIFIR\Desktop\Works\spring-boot-prime-faces-master\target\classes started by MYZIFIR in C:\Users\MYZIFIR\Desktop\Works\spring-boot-prime-faces-master)
2019-01-22 04:07:58 - Running with Spring Boot v1.5.17.RELEASE, Spring v4.3.20.RELEASE
2019-01-22 04:07:58 - The following profiles are active: dev
2019-01-22 04:09:58 - Starting DemoApplication on DESKTOP-7UPU59O with PID 13644 (C:\Users\MYZIFIR\Desktop\Works\spring-boot-prime-faces-master\target\classes started by MYZIFIR in C:\Users\MYZIFIR\Desktop\Works\spring-boot-prime-faces-master)
2019-01-22 04:09:58 - Running with Spring Boot v1.5.17.RELEASE, Spring v4.3.20.RELEASE
2019-01-22 04:09:58 - The following profiles are active: dev
2019-01-22 04:10:03 - Returning all the students with size 0
2019-01-22 04:10:19 - Starting DemoApplication on DESKTOP-7UPU59O with PID 4100 (C:\Users\MYZIFIR\Desktop\Works\spring-boot-prime-faces-master\target\classes started by MYZIFIR in C:\Users\MYZIFIR\Desktop\Works\spring-boot-prime-faces-master)
2019-01-22 04:10:19 - Running with Spring Boot v1.5.17.RELEASE, Spring v4.3.20.RELEASE
2019-01-22 04:10:19 - The following profiles are active: dev
2019-01-22 04:10:24 - Returning all the students with size 0
2019-01-22 04:10:25 - Started DemoApplication in 6.51 seconds (JVM running for 7.106)
2019-01-22 04:10:25 - Application has been launched
2019-01-22 04:12:34 - Starting DemoApplication on DESKTOP-7UPU59O with PID 16316 (C:\Users\MYZIFIR\Desktop\Works\spring-boot-prime-faces-master\target\classes started by MYZIFIR in C:\Users\MYZIFIR\Desktop\Works\spring-boot-prime-faces-master)
2019-01-22 04:12:34 - Running with Spring Boot v1.5.17.RELEASE, Spring v4.3.20.RELEASE
2019-01-22 04:12:34 - The following profiles are active: dev
2019-01-22 04:12:40 - Returning all the students with size 0
2019-01-22 04:12:41 - Started DemoApplication in 6.646 seconds (JVM running for 7.259)
2019-01-22 04:12:41 - Application has been launched
2019-01-22 04:13:55 - Starting DemoApplication on DESKTOP-7UPU59O with PID 12896 (C:\Users\MYZIFIR\Desktop\Works\spring-boot-prime-faces-master\target\classes started by MYZIFIR in C:\Users\MYZIFIR\Desktop\Works\spring-boot-prime-faces-master)
2019-01-22 04:13:55 - Running with Spring Boot v1.5.17.RELEASE, Spring v4.3.20.RELEASE
2019-01-22 04:13:55 - The following profiles are active: dev
2019-01-22 04:14:01 - Returning all the students with size 0
2019-01-22 04:14:02 - Started DemoApplication in 6.916 seconds (JVM running for 7.498)
2019-01-22 04:14:02 - Application has been launched
2019-01-22 04:18:14 - Starting DemoApplication on DESKTOP-7UPU59O with PID 15728 (C:\Users\MYZIFIR\Desktop\Works\spring-boot-prime-faces-master\target\classes started by MYZIFIR in C:\Users\MYZIFIR\Desktop\Works\spring-boot-prime-faces-master)
2019-01-22 04:18:14 - Running with Spring Boot v1.5.17.RELEASE, Spring v4.3.20.RELEASE
2019-01-22 04:18:14 - The following profiles are active: dev
2019-01-22 04:18:19 - Returning all the students with size 0
2019-01-22 04:18:20 - Started DemoApplication in 7.021 seconds (JVM running for 7.646)
2019-01-22 04:18:20 - Application has been launched
2019-01-22 04:19:04 - Starting DemoApplicationTests on DESKTOP-7UPU59O with PID 10404 (started by MYZIFIR in C:\Users\MYZIFIR\Desktop\Works\spring-boot-prime-faces-master)
2019-01-22 04:19:04 - Running with Spring Boot v1.5.17.RELEASE, Spring v4.3.20.RELEASE
2019-01-22 04:19:04 - The following profiles are active: dev
2019-01-22 04:20:32 - Starting DemoApplicationTests on DESKTOP-7UPU59O with PID 2452 (started by MYZIFIR in C:\Users\MYZIFIR\Desktop\Works\spring-boot-prime-faces-master)
2019-01-22 04:20:32 - Running with Spring Boot v1.5.17.RELEASE, Spring v4.3.20.RELEASE
2019-01-22 04:20:32 - The following profiles are active: dev
2019-01-22 04:20:36 - Returning all the students with size 0
2019-01-22 04:20:37 - Started DemoApplicationTests in 5.074 seconds (JVM running for 5.936)
2019-01-22 04:20:49 - Starting DemoApplication on DESKTOP-7UPU59O with PID 7844 (C:\Users\MYZIFIR\Desktop\Works\spring-boot-prime-faces-master\target\classes started by MYZIFIR in C:\Users\MYZIFIR\Desktop\Works\spring-boot-prime-faces-master)
2019-01-22 04:20:49 - Running with Spring Boot v1.5.17.RELEASE, Spring v4.3.20.RELEASE
2019-01-22 04:20:49 - The following profiles are active: dev
2019-01-22 04:20:55 - Returning all the students with size 0
2019-01-22 04:20:56 - Started DemoApplication in 6.751 seconds (JVM running for 29.448)
2019-01-22 04:20:56 - Application has been launched
2019-01-22 04:22:44 - Starting DemoApplicationTests on DESKTOP-7UPU59O with PID 5636 (started by MYZIFIR in C:\Users\MYZIFIR\Desktop\Works\spring-boot-prime-faces-master)
2019-01-22 04:22:44 - Running with Spring Boot v1.5.17.RELEASE, Spring v4.3.20.RELEASE
2019-01-22 04:22:44 - The following profiles are active: dev
2019-01-22 04:22:47 - Returning all the students with size 0
2019-01-22 04:22:49 - Started DemoApplicationTests in 5.016 seconds (JVM running for 5.928)
2019-01-22 04:22:51 - Starting DemoApplication on DESKTOP-7UPU59O with PID 1036 (C:\Users\MYZIFIR\Desktop\Works\spring-boot-prime-faces-master\target\classes started by MYZIFIR in C:\Users\MYZIFIR\Desktop\Works\spring-boot-prime-faces-master)
2019-01-22 04:22:51 - Running with Spring Boot v1.5.17.RELEASE, Spring v4.3.20.RELEASE
2019-01-22 04:22:51 - The following profiles are active: dev
2019-01-22 04:22:56 - Returning all the students with size 0
2019-01-22 04:22:57 - Started DemoApplication in 6.704 seconds (JVM running for 19.382)
2019-01-22 04:22:57 - Application has been launched
2019-01-22 04:23:47 - Starting DemoApplicationTests on DESKTOP-7UPU59O with PID 1668 (started by MYZIFIR in C:\Users\MYZIFIR\Desktop\Works\spring-boot-prime-faces-master)
2019-01-22 04:23:47 - Running with Spring Boot v1.5.17.RELEASE, Spring v4.3.20.RELEASE
2019-01-22 04:23:47 - The following profiles are active: dev
2019-01-22 04:23:51 - Returning all the students with size 0
2019-01-22 04:23:52 - Started DemoApplicationTests in 5.163 seconds (JVM running for 6.134)
2019-01-22 04:23:54 - Starting DemoApplication on DESKTOP-7UPU59O with PID 2852 (C:\Users\MYZIFIR\Desktop\Works\spring-boot-prime-faces-master\target\classes started by MYZIFIR in C:\Users\MYZIFIR\Desktop\Works\spring-boot-prime-faces-master)
2019-01-22 04:23:54 - Running with Spring Boot v1.5.17.RELEASE, Spring v4.3.20.RELEASE
2019-01-22 04:23:54 - The following profiles are active: dev
2019-01-22 04:24:00 - Returning all the students with size 0
2019-01-22 04:24:01 - Started DemoApplication in 6.717 seconds (JVM running for 20.167)
2019-01-22 04:24:01 - Application has been launched
2019-01-22 04:31:39 - Starting DemoApplicationTests on DESKTOP-7UPU59O with PID 11616 (started by MYZIFIR in C:\Users\MYZIFIR\Desktop\Works\spring-boot-prime-faces-master)
2019-01-22 04:31:39 - Running with Spring Boot v1.5.17.RELEASE, Spring v4.3.20.RELEASE
2019-01-22 04:31:39 - The following profiles are active: dev
2019-01-22 04:31:42 - Returning all the students with size 0
2019-01-22 04:31:44 - Started DemoApplicationTests in 5.301 seconds (JVM running for 6.217)
2019-01-22 04:31:46 - Starting DemoApplication on DESKTOP-7UPU59O with PID 1524 (C:\Users\MYZIFIR\Desktop\Works\spring-boot-prime-faces-master\target\classes started by MYZIFIR in C:\Users\MYZIFIR\Desktop\Works\spring-boot-prime-faces-master)
2019-01-22 04:31:46 - Running with Spring Boot v1.5.17.RELEASE, Spring v4.3.20.RELEASE
2019-01-22 04:31:46 - The following profiles are active: dev
2019-01-22 04:31:52 - Returning all the students with size 0
2019-01-22 04:31:53 - Started DemoApplication in 6.927 seconds (JVM running for 20.06)
2019-01-22 04:31:53 - Application has been launched
2019-01-22 04:32:46 - Starting DemoApplicationTests on DESKTOP-7UPU59O with PID 14172 (started by MYZIFIR in C:\Users\MYZIFIR\Desktop\Works\spring-boot-prime-faces-master)
2019-01-22 04:32:46 - Running with Spring Boot v1.5.17.RELEASE, Spring v4.3.20.RELEASE
2019-01-22 04:32:46 - The following profiles are active: dev
2019-01-22 04:32:49 - Returning all the students with size 0
2019-01-22 04:32:51 - Started DemoApplicationTests in 5.203 seconds (JVM running for 6.108)
2019-01-22 04:32:53 - Starting DemoApplication on DESKTOP-7UPU59O with PID 16152 (C:\Users\MYZIFIR\Desktop\Works\spring-boot-prime-faces-master\target\classes started by MYZIFIR in C:\Users\MYZIFIR\Desktop\Works\spring-boot-prime-faces-master)
2019-01-22 04:32:53 - Running with Spring Boot v1.5.17.RELEASE, Spring v4.3.20.RELEASE
2019-01-22 04:32:53 - The following profiles are active: dev
2019-01-22 04:32:59 - Returning all the students with size 0
2019-01-22 04:33:00 - Started DemoApplication in 6.879 seconds (JVM running for 19.8)
2019-01-22 04:33:00 - Application has been launched
2019-01-22 04:33:57 - new student is going to be saved: [FAILED toString()] 
2019-01-22 04:37:48 - Starting DemoApplicationTests on DESKTOP-7UPU59O with PID 5172 (started by MYZIFIR in C:\Users\MYZIFIR\Desktop\Works\spring-boot-prime-faces-master)
2019-01-22 04:37:48 - Running with Spring Boot v1.5.17.RELEASE, Spring v4.3.20.RELEASE
2019-01-22 04:37:48 - The following profiles are active: dev
2019-01-22 04:37:51 - Returning all the students with size 0
2019-01-22 04:37:52 - Started DemoApplicationTests in 4.99 seconds (JVM running for 5.899)
2019-01-22 04:37:55 - Starting DemoApplication on DESKTOP-7UPU59O with PID 13348 (C:\Users\MYZIFIR\Desktop\Works\spring-boot-prime-faces-master\target\classes started by MYZIFIR in C:\Users\MYZIFIR\Desktop\Works\spring-boot-prime-faces-master)
2019-01-22 04:37:55 - Running with Spring Boot v1.5.17.RELEASE, Spring v4.3.20.RELEASE
2019-01-22 04:37:55 - The following profiles are active: dev
2019-01-22 04:38:00 - Returning all the students with size 0
2019-01-22 04:38:01 - Started DemoApplication in 6.902 seconds (JVM running for 19.62)
2019-01-22 04:38:01 - Application has been launched
2019-01-22 04:38:23 - new student is going to be saved: Student [studentNumber=null, studentName=dasd, studentSurname=wqewqe, phoneNumber=(123) 213-2311, city=null, distinct=‹rg¸p, image=null] 
2019-01-22 04:39:22 - Starting DemoApplicationTests on DESKTOP-7UPU59O with PID 4120 (started by MYZIFIR in C:\Users\MYZIFIR\Desktop\Works\spring-boot-prime-faces-master)
2019-01-22 04:39:22 - Running with Spring Boot v1.5.17.RELEASE, Spring v4.3.20.RELEASE
2019-01-22 04:39:22 - The following profiles are active: dev
2019-01-22 04:39:25 - Returning all the students with size 0
2019-01-22 04:39:26 - Started DemoApplicationTests in 5.036 seconds (JVM running for 5.938)
2019-01-22 04:39:29 - Starting DemoApplication on DESKTOP-7UPU59O with PID 18224 (C:\Users\MYZIFIR\Desktop\Works\spring-boot-prime-faces-master\target\classes started by MYZIFIR in C:\Users\MYZIFIR\Desktop\Works\spring-boot-prime-faces-master)
2019-01-22 04:39:29 - Running with Spring Boot v1.5.17.RELEASE, Spring v4.3.20.RELEASE
2019-01-22 04:39:29 - The following profiles are active: dev
2019-01-22 04:39:34 - Returning all the students with size 0
2019-01-22 04:39:36 - Started DemoApplication in 7.15 seconds (JVM running for 20.043)
2019-01-22 04:39:36 - Application has been launched
2019-01-22 04:40:00 - new student is going to be saved: Student [studentNumber=null, studentName=21323, studentSurname=213123, phoneNumber=(123) 123-1231, city=null, distinct=Kavak, image=null] 
2019-01-22 04:42:08 - new student is going to be saved: Student [studentNumber=f541d644, studentName=21323, studentSurname=213123, phoneNumber=(123) 123-1231, city=Samsun, distinct=Kavak, image=null] 
2019-01-22 04:43:23 - Starting DemoApplicationTests on DESKTOP-7UPU59O with PID 15936 (started by MYZIFIR in C:\Users\MYZIFIR\Desktop\Works\spring-boot-prime-faces-master)
2019-01-22 04:43:23 - Running with Spring Boot v1.5.17.RELEASE, Spring v4.3.20.RELEASE
2019-01-22 04:43:23 - The following profiles are active: dev
2019-01-22 04:43:26 - Returning all the students with size 0
2019-01-22 04:43:28 - Started DemoApplicationTests in 5.404 seconds (JVM running for 6.286)
2019-01-22 04:43:30 - Starting DemoApplication on DESKTOP-7UPU59O with PID 1508 (C:\Users\MYZIFIR\Desktop\Works\spring-boot-prime-faces-master\target\classes started by MYZIFIR in C:\Users\MYZIFIR\Desktop\Works\spring-boot-prime-faces-master)
2019-01-22 04:43:30 - Running with Spring Boot v1.5.17.RELEASE, Spring v4.3.20.RELEASE
2019-01-22 04:43:30 - The following profiles are active: dev
2019-01-22 04:43:35 - Returning all the students with size 0
2019-01-22 04:43:37 - Started DemoApplication in 7.127 seconds (JVM running for 20.183)
2019-01-22 04:43:37 - Application has been launched
2019-01-22 04:44:19 - Starting DemoApplicationTests on DESKTOP-7UPU59O with PID 9244 (started by MYZIFIR in C:\Users\MYZIFIR\Desktop\Works\spring-boot-prime-faces-master)
2019-01-22 04:44:19 - Running with Spring Boot v1.5.17.RELEASE, Spring v4.3.20.RELEASE
2019-01-22 04:44:19 - The following profiles are active: dev
2019-01-22 04:44:23 - Returning all the students with size 0
2019-01-22 04:44:24 - Started DemoApplicationTests in 5.085 seconds (JVM running for 5.959)
2019-01-22 04:44:26 - Starting DemoApplication on DESKTOP-7UPU59O with PID 16976 (C:\Users\MYZIFIR\Desktop\Works\spring-boot-prime-faces-master\target\classes started by MYZIFIR in C:\Users\MYZIFIR\Desktop\Works\spring-boot-prime-faces-master)
2019-01-22 04:44:27 - Running with Spring Boot v1.5.17.RELEASE, Spring v4.3.20.RELEASE
2019-01-22 04:44:27 - The following profiles are active: dev
2019-01-22 04:44:32 - Returning all the students with size 0
2019-01-22 04:44:33 - Started DemoApplication in 6.631 seconds (JVM running for 19.298)
2019-01-22 04:44:33 - Application has been launched
2019-01-22 04:44:54 - new student is going to be saved: Student [studentNumber=null, studentName=231321, studentSurname=123123, phoneNumber=(123) 123-1231, city=null, distinct=Hac˝bekta˛, image=null] 
2019-01-22 04:44:54 - Student is saved: Student [studentNumber=9bcd7d41, studentName=231321, studentSurname=123123, phoneNumber=(123) 123-1231, city=Nev˛ehir, distinct=Hac˝bekta˛, image=null]
2019-01-22 04:44:54 - Returning all the students with size 1
2019-01-22 04:47:55 - Starting DemoApplicationTests on DESKTOP-7UPU59O with PID 8524 (started by MYZIFIR in C:\Users\MYZIFIR\Desktop\Works\spring-boot-prime-faces-master)
2019-01-22 04:47:55 - Running with Spring Boot v1.5.17.RELEASE, Spring v4.3.20.RELEASE
2019-01-22 04:47:55 - The following profiles are active: dev
2019-01-22 04:47:58 - Returning all the students with size 0
2019-01-22 04:47:59 - Started DemoApplicationTests in 5.238 seconds (JVM running for 6.108)
2019-01-22 04:48:02 - Starting DemoApplication on DESKTOP-7UPU59O with PID 11324 (C:\Users\MYZIFIR\Desktop\Works\spring-boot-prime-faces-master\target\classes started by MYZIFIR in C:\Users\MYZIFIR\Desktop\Works\spring-boot-prime-faces-master)
2019-01-22 04:48:02 - Running with Spring Boot v1.5.17.RELEASE, Spring v4.3.20.RELEASE
2019-01-22 04:48:02 - The following profiles are active: dev
2019-01-22 04:48:07 - Returning all the students with size 0
2019-01-22 04:48:09 - Started DemoApplication in 7.18 seconds (JVM running for 20.081)
2019-01-22 04:48:09 - Application has been launched
2019-01-22 04:49:07 - new student is going to be saved: Student [studentNumber=null, studentName=qweqwe, studentSurname=23213, phoneNumber=(213) 232-1321, city=null, distinct=Saray, image=null] 
2019-01-22 04:49:07 - Student is saved: Student [studentNumber=aa36ac7b, studentName=qweqwe, studentSurname=23213, phoneNumber=(213) 232-1321, city=Van, distinct=Saray, image=null]
2019-01-22 04:49:07 - Returning all the students with size 1
2019-01-22 04:51:58 - Starting DemoApplication on DESKTOP-7UPU59O with PID 18296 (C:\Users\MYZIFIR\Desktop\Works\spring-boot-prime-faces-master\target\classes started by MYZIFIR in C:\Users\MYZIFIR\Desktop\Works\spring-boot-prime-faces-master)
2019-01-22 04:51:58 - Running with Spring Boot v1.5.17.RELEASE, Spring v4.3.20.RELEASE
2019-01-22 04:51:58 - The following profiles are active: dev
2019-01-22 04:52:03 - Returning all the students with size 0
2019-01-22 04:52:04 - Started DemoApplication in 6.926 seconds (JVM running for 7.528)
2019-01-22 04:52:04 - Application has been launched
2019-01-22 04:52:22 - new student is going to be saved: Student [studentNumber=null, studentName=wqe, studentSurname=213123, phoneNumber=(213) 213-2132, city=null, distinct=Hacƒ±bekta≈ü, image=null] 
2019-01-22 04:52:22 - Student is saved: Student [studentNumber=5bbb0cf5, studentName=wqe, studentSurname=213123, phoneNumber=(213) 213-2132, city=Nev≈üehir, distinct=Hacƒ±bekta≈ü, image=null]
2019-01-22 04:52:22 - Returning all the students with size 1
2019-01-22 04:53:42 - Starting DemoApplication on DESKTOP-7UPU59O with PID 10600 (C:\Users\MYZIFIR\Desktop\Works\spring-boot-prime-faces-master\target\classes started by MYZIFIR in C:\Users\MYZIFIR\Desktop\Works\spring-boot-prime-faces-master)
2019-01-22 04:53:42 - Running with Spring Boot v1.5.17.RELEASE, Spring v4.3.20.RELEASE
2019-01-22 04:53:42 - The following profiles are active: dev
2019-01-22 04:53:47 - Returning all the students with size 0
2019-01-22 04:53:48 - Started DemoApplication in 6.727 seconds (JVM running for 7.326)
2019-01-22 04:53:48 - Application has been launched
2019-01-22 04:54:17 - new student is going to be saved: Student [studentNumber=null, studentName=qwe, studentSurname=wqewq, phoneNumber=(112) 121-2122, city=null, distinct=Gazipa≈üa, image=null] 
2019-01-22 04:54:17 - Student is saved: Student [studentNumber=033ffce0, studentName=qwe, studentSurname=wqewq, phoneNumber=(112) 121-2122, city=Antalya, distinct=Gazipa≈üa, image=null]
2019-01-22 04:54:17 - Returning all the students with size 1
2019-01-22 04:55:53 - Starting DemoApplication on DESKTOP-7UPU59O with PID 11612 (C:\Users\MYZIFIR\Desktop\Works\spring-boot-prime-faces-master\target\classes started by MYZIFIR in C:\Users\MYZIFIR\Desktop\Works\spring-boot-prime-faces-master)
2019-01-22 04:55:53 - Running with Spring Boot v1.5.17.RELEASE, Spring v4.3.20.RELEASE
2019-01-22 04:55:53 - The following profiles are active: dev
2019-01-22 04:55:58 - Returning all the students with size 0
2019-01-22 04:56:47 - Starting DemoApplication on DESKTOP-7UPU59O with PID 15532 (C:\Users\MYZIFIR\Desktop\Works\spring-boot-prime-faces-master\target\classes started by MYZIFIR in C:\Users\MYZIFIR\Desktop\Works\spring-boot-prime-faces-master)
2019-01-22 04:56:47 - Running with Spring Boot v1.5.17.RELEASE, Spring v4.3.20.RELEASE
2019-01-22 04:56:47 - The following profiles are active: dev
2019-01-22 04:57:03 - Starting DemoApplication on DESKTOP-7UPU59O with PID 17056 (C:\Users\MYZIFIR\Desktop\Works\spring-boot-prime-faces-master\target\classes started by MYZIFIR in C:\Users\MYZIFIR\Desktop\Works\spring-boot-prime-faces-master)
2019-01-22 04:57:03 - Running with Spring Boot v1.5.17.RELEASE, Spring v4.3.20.RELEASE
2019-01-22 04:57:03 - The following profiles are active: dev
2019-01-22 04:57:08 - Returning all the students with size 0
2019-01-22 04:57:09 - Started DemoApplication in 6.594 seconds (JVM running for 7.185)
2019-01-22 04:57:09 - Application has been launched
2019-01-22 04:57:34 - new student is going to be saved: Student [studentNumber=null, studentName=eqew, studentSurname=wqewqe, phoneNumber=(121) 212-2121, city=null, distinct=√úrg√ºp, image=null] 
2019-01-22 04:57:34 - Student is saved: Student [studentNumber=53e7940e, studentName=eqew, studentSurname=wqewqe, phoneNumber=(121) 212-2121, city=Nev≈üehir, distinct=√úrg√ºp, image=null]
2019-01-22 04:57:34 - Returning all the students with size 1
2019-01-22 04:57:40 - Returning all the students with size 0
2019-01-22 04:58:18 - new student is going to be saved: Student [studentNumber=null, studentName=weqqwe, studentSurname=wqeqw, phoneNumber=(121) 212-1212, city=null, distinct=Acƒ±g√∂l, image=null] 
2019-01-22 04:58:35 - new student is going to be saved: Student [studentNumber=3becf1ef, studentName=weqqwe, studentSurname=wqeqw, phoneNumber=(121) 212-1212, city=null, distinct=Serik, image=null] 
2019-01-22 04:58:35 - Student is saved: Student [studentNumber=c76b42f7, studentName=weqqwe, studentSurname=wqeqw, phoneNumber=(121) 212-1212, city=Antalya, distinct=Serik, image=null]
2019-01-22 04:58:35 - Returning all the students with size 1
2019-01-22 05:02:10 - Starting DemoApplication on DESKTOP-7UPU59O with PID 2172 (C:\Users\MYZIFIR\Desktop\Works\spring-boot-prime-faces-master\target\classes started by MYZIFIR in C:\Users\MYZIFIR\Desktop\Works\spring-boot-prime-faces-master)
2019-01-22 05:02:10 - Running with Spring Boot v1.5.17.RELEASE, Spring v4.3.20.RELEASE
2019-01-22 05:02:10 - The following profiles are active: dev
2019-01-22 05:02:10 - Starting DemoApplication on DESKTOP-7UPU59O with PID 15564 (C:\Users\MYZIFIR\Desktop\Works\spring-boot-prime-faces-master\target\classes started by MYZIFIR in C:\Users\MYZIFIR\Desktop\Works\spring-boot-prime-faces-master)
2019-01-22 05:02:10 - Running with Spring Boot v1.5.17.RELEASE, Spring v4.3.20.RELEASE
2019-01-22 05:02:10 - The following profiles are active: dev
2019-01-22 05:02:37 - Starting DemoApplication on DESKTOP-7UPU59O with PID 18300 (C:\Users\MYZIFIR\Desktop\Works\spring-boot-prime-faces-master\target\classes started by MYZIFIR in C:\Users\MYZIFIR\Desktop\Works\spring-boot-prime-faces-master)
2019-01-22 05:02:37 - Running with Spring Boot v1.5.17.RELEASE, Spring v4.3.20.RELEASE
2019-01-22 05:02:37 - The following profiles are active: dev
2019-01-22 05:03:43 - Starting DemoApplication on DESKTOP-7UPU59O with PID 13060 (C:\Users\MYZIFIR\Desktop\Works\spring-boot-prime-faces-master\target\classes started by MYZIFIR in C:\Users\MYZIFIR\Desktop\Works\spring-boot-prime-faces-master)
2019-01-22 05:03:43 - Running with Spring Boot v1.5.17.RELEASE, Spring v4.3.20.RELEASE
2019-01-22 05:03:43 - The following profiles are active: dev
2019-01-22 05:03:48 - Returning all the students with size 0
2019-01-22 05:03:49 - Started DemoApplication in 6.66 seconds (JVM running for 7.246)
2019-01-22 05:03:49 - Application has been launched
2019-01-22 05:04:07 - new student is going to be saved: Student [studentNumber=null, studentName=wqe, studentSurname=wqe, phoneNumber=(123) 123-1231, city=null, distinct=Kavak, image=null] 
2019-01-22 05:04:07 - Student is saved: Student [studentNumber=15495122, studentName=wqe, studentSurname=wqe, phoneNumber=(123) 123-1231, city=Samsun, distinct=Kavak, image=null]
2019-01-22 05:04:07 - Returning all the students with size 1
2019-01-22 05:08:20 - Starting DemoApplication on DESKTOP-7UPU59O with PID 2856 (C:\Users\MYZIFIR\Desktop\Works\spring-boot-prime-faces-master\target\classes started by MYZIFIR in C:\Users\MYZIFIR\Desktop\Works\spring-boot-prime-faces-master)
2019-01-22 05:08:20 - Running with Spring Boot v1.5.17.RELEASE, Spring v4.3.20.RELEASE
2019-01-22 05:08:20 - The following profiles are active: dev
2019-01-22 05:08:25 - Returning all the students with size 0
2019-01-22 05:08:26 - Started DemoApplication in 6.651 seconds (JVM running for 7.262)
2019-01-22 05:08:26 - Application has been launched
2019-01-22 05:08:41 - new student is going to be saved: Student [studentNumber=null, studentName=wqe, studentSurname=wqe, phoneNumber=(123) 123-1221, city=null, distinct=Ayvacƒ±k, image=null] 
2019-01-22 05:08:41 - Student is saved: Student [studentNumber=f5b85372, studentName=wqe, studentSurname=wqe, phoneNumber=(123) 123-1221, city=Samsun, distinct=Ayvacƒ±k, image=null]
2019-01-22 05:08:41 - Returning all the students with size 1
2019-01-22 05:11:17 - Starting DemoApplication on DESKTOP-7UPU59O with PID 9096 (C:\Users\MYZIFIR\Desktop\Works\spring-boot-prime-faces-master\target\classes started by MYZIFIR in C:\Users\MYZIFIR\Desktop\Works\spring-boot-prime-faces-master)
2019-01-22 05:11:17 - Running with Spring Boot v1.5.17.RELEASE, Spring v4.3.20.RELEASE
2019-01-22 05:11:17 - The following profiles are active: dev
2019-01-22 05:11:23 - Returning all the students with size 0
2019-01-22 05:11:24 - Started DemoApplication in 7.093 seconds (JVM running for 7.695)
2019-01-22 05:11:24 - Application has been launched
2019-01-22 05:12:35 - new student is going to be saved: Student [studentNumber=null, studentName=23123, studentSurname=123123, phoneNumber=(213) 123-2132, city=null, distinct=√úrg√ºp, image=null] 
2019-01-22 05:12:35 - Student is saved: Student [studentNumber=94dc7c7b, studentName=23123, studentSurname=123123, phoneNumber=(213) 123-2132, city=Nev≈üehir, distinct=√úrg√ºp, image=null]
2019-01-22 05:12:35 - Returning all the students with size 1
2019-01-22 05:13:54 - Starting DemoApplication on DESKTOP-7UPU59O with PID 12872 (C:\Users\MYZIFIR\Desktop\Works\spring-boot-prime-faces-master\target\classes started by MYZIFIR in C:\Users\MYZIFIR\Desktop\Works\spring-boot-prime-faces-master)
2019-01-22 05:13:54 - Running with Spring Boot v1.5.17.RELEASE, Spring v4.3.20.RELEASE
2019-01-22 05:13:54 - The following profiles are active: dev
2019-01-22 05:14:00 - Returning all the students with size 0
2019-01-22 05:14:01 - Started DemoApplication in 6.696 seconds (JVM running for 7.305)
2019-01-22 05:14:01 - Application has been launched
2019-01-22 05:14:29 - new student is going to be saved: Student [studentNumber=null, studentName=qqqqqqqqqqqqq, studentSurname=Q, phoneNumber=(123) 123-2313, city=null, distinct=Acƒ±g√∂l, image=null] 
2019-01-22 05:14:29 - Student is saved: Student [studentNumber=2478184e, studentName=qqqqqqqqqqqqq, studentSurname=Q, phoneNumber=(123) 123-2313, city=Nev≈üehir, distinct=Acƒ±g√∂l, image=null]
2019-01-22 05:14:29 - Returning all the students with size 1
2019-01-22 05:18:13 - Starting DemoApplication on DESKTOP-7UPU59O with PID 1524 (C:\Users\MYZIFIR\Desktop\Works\spring-boot-prime-faces-master\target\classes started by MYZIFIR in C:\Users\MYZIFIR\Desktop\Works\spring-boot-prime-faces-master)
2019-01-22 05:18:13 - Running with Spring Boot v1.5.17.RELEASE, Spring v4.3.20.RELEASE
2019-01-22 05:18:13 - The following profiles are active: dev
2019-01-22 05:18:18 - Returning all the students with size 0
2019-01-22 05:18:19 - Started DemoApplication in 6.748 seconds (JVM running for 7.362)
2019-01-22 05:18:19 - Application has been launched
2019-01-22 05:18:41 - new student is going to be saved: Student [studentNumber=null, studentName=qwe, studentSurname=wqewe, phoneNumber=(213) 123-2132, city=null, distinct=Ayvacƒ±k, image=null] 
2019-01-22 05:18:41 - Student is saved: Student [studentNumber=a726cc9e, studentName=qwe, studentSurname=wqewe, phoneNumber=(213) 123-2132, city=Samsun, distinct=Ayvacƒ±k, image=null]
2019-01-22 05:18:41 - Returning all the students with size 1
2019-01-22 05:27:07 - Starting DemoApplication on DESKTOP-7UPU59O with PID 6400 (C:\Users\MYZIFIR\Desktop\Works\spring-boot-prime-faces-master\target\classes started by MYZIFIR in C:\Users\MYZIFIR\Desktop\Works\spring-boot-prime-faces-master)
2019-01-22 05:27:07 - Running with Spring Boot v1.5.17.RELEASE, Spring v4.3.20.RELEASE
2019-01-22 05:27:07 - The following profiles are active: dev
2019-01-22 05:27:13 - Returning all the students with size 0
2019-01-22 05:27:14 - Started DemoApplication in 7.091 seconds (JVM running for 7.703)
2019-01-22 05:27:14 - Application has been launched
2019-01-22 05:27:53 - new student is going to be saved: Student [studentNumber=null, studentName=13, studentSurname=WQE, phoneNumber=(213) 123-1321, city=null, distinct=Konyaaltƒ±, image=null] 
2019-01-22 05:27:53 - Student is saved: Student [studentNumber=cc19b571, studentName=13, studentSurname=WQE, phoneNumber=(213) 123-1321, city=Antalya, distinct=Konyaaltƒ±, image=null]
2019-01-22 05:27:53 - Returning all the students with size 1
2019-01-22 05:35:20 - Starting DemoApplication on DESKTOP-7UPU59O with PID 12704 (C:\Users\MYZIFIR\Desktop\Works\spring-boot-prime-faces-master\target\classes started by MYZIFIR in C:\Users\MYZIFIR\Desktop\Works\spring-boot-prime-faces-master)
2019-01-22 05:35:20 - Running with Spring Boot v1.5.17.RELEASE, Spring v4.3.20.RELEASE
2019-01-22 05:35:20 - The following profiles are active: dev
2019-01-22 05:35:25 - Returning all the students with size 0
2019-01-22 05:35:27 - Started DemoApplication in 6.739 seconds (JVM running for 7.349)
2019-01-22 05:35:27 - Application has been launched
2019-01-22 05:36:12 - new student is going to be saved: Student [studentNumber=null, studentName=wqe, studentSurname=213123, phoneNumber=(213) 123-2131, city=null, distinct=Kavak, image=null] 
2019-01-22 05:36:12 - Student is saved: Student [studentNumber=5769c355, studentName=wqe, studentSurname=213123, phoneNumber=(213) 123-2131, city=Samsun, distinct=Kavak, image=null]
2019-01-22 05:36:12 - Returning all the students with size 1
2019-01-22 05:40:25 - Starting DemoApplication on DESKTOP-7UPU59O with PID 15148 (C:\Users\MYZIFIR\Desktop\Works\spring-boot-prime-faces-master\target\classes started by MYZIFIR in C:\Users\MYZIFIR\Desktop\Works\spring-boot-prime-faces-master)
2019-01-22 05:40:25 - Running with Spring Boot v1.5.17.RELEASE, Spring v4.3.20.RELEASE
2019-01-22 05:40:25 - The following profiles are active: dev
2019-01-22 05:40:31 - Returning all the students with size 0
2019-01-22 05:40:32 - Started DemoApplication in 6.731 seconds (JVM running for 7.34)
2019-01-22 05:40:32 - Application has been launched
2019-01-22 05:40:58 - new student is going to be saved: Student [studentNumber=null, studentName=3, studentSurname=213123, phoneNumber=(213) 123-1231, city=null, distinct=Kavak, image=null] 
2019-01-22 05:40:58 - Student is saved: Student [studentNumber=6e5f7b16, studentName=3, studentSurname=213123, phoneNumber=(213) 123-1231, city=Samsun, distinct=Kavak, image=null]
2019-01-22 05:40:58 - Returning all the students with size 1
2019-01-22 05:48:06 - Starting DemoApplication on DESKTOP-7UPU59O with PID 11104 (C:\Users\MYZIFIR\Desktop\Works\spring-boot-prime-faces-master\target\classes started by MYZIFIR in C:\Users\MYZIFIR\Desktop\Works\spring-boot-prime-faces-master)
2019-01-22 05:48:06 - Running with Spring Boot v1.5.17.RELEASE, Spring v4.3.20.RELEASE
2019-01-22 05:48:06 - The following profiles are active: dev
2019-01-22 05:48:13 - Starting DemoApplication on DESKTOP-7UPU59O with PID 6948 (C:\Users\MYZIFIR\Desktop\Works\spring-boot-prime-faces-master\target\classes started by MYZIFIR in C:\Users\MYZIFIR\Desktop\Works\spring-boot-prime-faces-master)
2019-01-22 05:48:13 - Running with Spring Boot v1.5.17.RELEASE, Spring v4.3.20.RELEASE
2019-01-22 05:48:13 - The following profiles are active: dev
2019-01-22 05:48:18 - Returning all the students with size 0
2019-01-22 05:48:19 - Started DemoApplication in 7.015 seconds (JVM running for 7.64)
2019-01-22 05:48:19 - Application has been launched
2019-01-22 05:48:52 - new student is going to be saved: Student [studentNumber=null, studentName=eewq, studentSurname=ewqew, phoneNumber=(123) 213-2133, city=null, distinct=√úrg√ºp, image=null] 
2019-01-22 05:48:52 - Student is saved: Student [studentNumber=87b384d5, studentName=eewq, studentSurname=ewqew, phoneNumber=(123) 213-2133, city=Nev≈üehir, distinct=√úrg√ºp, image=null]
2019-01-22 05:48:52 - Returning all the students with size 1
2019-01-22 06:02:45 - Starting DemoApplication on DESKTOP-7UPU59O with PID 3196 (C:\Users\MYZIFIR\Desktop\Works\spring-boot-prime-faces-master\target\classes started by MYZIFIR in C:\Users\MYZIFIR\Desktop\Works\spring-boot-prime-faces-master)
2019-01-22 06:02:45 - Running with Spring Boot v1.5.17.RELEASE, Spring v4.3.20.RELEASE
2019-01-22 06:02:45 - The following profiles are active: dev
2019-01-22 06:02:54 - Starting DemoApplication on DESKTOP-7UPU59O with PID 2164 (C:\Users\MYZIFIR\Desktop\Works\spring-boot-prime-faces-master\target\classes started by MYZIFIR in C:\Users\MYZIFIR\Desktop\Works\spring-boot-prime-faces-master)
2019-01-22 06:02:54 - Running with Spring Boot v1.5.17.RELEASE, Spring v4.3.20.RELEASE
2019-01-22 06:02:54 - The following profiles are active: dev
2019-01-22 06:04:53 - Starting DemoApplication on DESKTOP-7UPU59O with PID 10068 (C:\Users\MYZIFIR\Desktop\Works\spring-boot-prime-faces-master\target\classes started by MYZIFIR in C:\Users\MYZIFIR\Desktop\Works\spring-boot-prime-faces-master)
2019-01-22 06:04:53 - Running with Spring Boot v1.5.17.RELEASE, Spring v4.3.20.RELEASE
2019-01-22 06:04:53 - The following profiles are active: dev
2019-01-22 06:04:58 - Returning all the students with size 0
2019-01-22 06:04:59 - Started DemoApplication in 6.818 seconds (JVM running for 7.412)
2019-01-22 06:04:59 - Application has been launched
2019-01-22 06:05:15 - Starting DemoApplication on DESKTOP-7UPU59O with PID 16704 (C:\Users\MYZIFIR\Desktop\Works\spring-boot-prime-faces-master\target\classes started by MYZIFIR in C:\Users\MYZIFIR\Desktop\Works\spring-boot-prime-faces-master)
2019-01-22 06:05:15 - Running with Spring Boot v1.5.17.RELEASE, Spring v4.3.20.RELEASE
2019-01-22 06:05:15 - The following profiles are active: dev
2019-01-22 06:06:14 - Starting DemoApplication on DESKTOP-7UPU59O with PID 8456 (C:\Users\MYZIFIR\Desktop\Works\spring-boot-prime-faces-master\target\classes started by MYZIFIR in C:\Users\MYZIFIR\Desktop\Works\spring-boot-prime-faces-master)
2019-01-22 06:06:14 - Running with Spring Boot v1.5.17.RELEASE, Spring v4.3.20.RELEASE
2019-01-22 06:06:14 - The following profiles are active: dev
2019-01-22 06:06:20 - Returning all the students with size 0
2019-01-22 06:06:21 - Started DemoApplication in 6.873 seconds (JVM running for 7.478)
2019-01-22 06:06:21 - Application has been launched
2019-01-22 06:06:43 - new student is going to be saved: Student [studentNumber=null, studentName=asd, studentSurname=asdad, phoneNumber=(213) 211-3132, city=null, distinct=Acƒ±g√∂l, image=null] 
2019-01-22 06:06:43 - Student is saved: Student [studentNumber=b505fd0b, studentName=asd, studentSurname=asdad, phoneNumber=(213) 211-3132, city=Nev≈üehir, distinct=Acƒ±g√∂l, image=null]
2019-01-22 06:06:43 - Returning all the students with size 1
2019-01-22 06:17:08 - Starting DemoApplication on DESKTOP-7UPU59O with PID 17364 (C:\Users\MYZIFIR\Desktop\Works\spring-boot-prime-faces-master\target\classes started by MYZIFIR in C:\Users\MYZIFIR\Desktop\Works\spring-boot-prime-faces-master)
2019-01-22 06:17:08 - Running with Spring Boot v1.5.17.RELEASE, Spring v4.3.20.RELEASE
2019-01-22 06:17:08 - The following profiles are active: dev
2019-01-22 06:17:14 - Returning all the students with size 0
2019-01-22 06:17:15 - Started DemoApplication in 7.223 seconds (JVM running for 7.839)
2019-01-22 06:17:15 - Application has been launched
2019-01-22 06:17:37 - new student is going to be saved: Student [studentNumber=null, studentName=ooweq, studentSurname=wqeqwe, phoneNumber=(123) 213-2133, city=null, distinct=Elmalƒ±, image=null] 
2019-01-22 06:17:38 - Student is saved: Student [studentNumber=03697643, studentName=ooweq, studentSurname=wqeqwe, phoneNumber=(123) 213-2133, city=Antalya, distinct=Elmalƒ±, image=null]
2019-01-22 06:17:38 - Returning all the students with size 1
2019-01-22 17:28:12 - Starting DemoApplication on DESKTOP-7UPU59O with PID 14896 (C:\Users\MYZIFIR\Desktop\Works\spring-boot-prime-faces-master\target\classes started by MYZIFIR in C:\Users\MYZIFIR\Desktop\Works\spring-boot-prime-faces-master)
2019-01-22 17:28:12 - Running with Spring Boot v1.5.17.RELEASE, Spring v4.3.20.RELEASE
2019-01-22 17:28:12 - The following profiles are active: dev
2019-01-22 17:28:17 - Returning all the students with size 0
2019-01-22 17:28:18 - Started DemoApplication in 6.428 seconds (JVM running for 7.033)
2019-01-22 17:28:18 - Application has been launched
2019-01-22 17:28:51 - Girdik. {} 
2019-01-22 17:28:52 - new student is going to be saved: Student [studentNumber=null, studentName=wqe, studentSurname=wqeqe, phoneNumber=(123) 123-1232, city=null, distinct=√úrg√ºp, image=null] 
2019-01-22 17:28:52 - Student is saved: Student [studentNumber=17e75d40, studentName=wqe, studentSurname=wqeqe, phoneNumber=(123) 123-1232, city=Nev≈üehir, distinct=√úrg√ºp, image=javax.sql.rowset.serial.SerialBlob@39d82ae0]
2019-01-22 17:28:52 - Returning all the students with size 1
2019-01-22 17:29:45 - Returning all the students with size 0
2019-01-22 17:51:11 - Starting DemoApplication on DESKTOP-7UPU59O with PID 1140 (C:\Users\MYZIFIR\Desktop\Works\spring-boot-prime-faces-master\target\classes started by MYZIFIR in C:\Users\MYZIFIR\Desktop\Works\spring-boot-prime-faces-master)
2019-01-22 17:51:11 - Running with Spring Boot v1.5.17.RELEASE, Spring v4.3.20.RELEASE
2019-01-22 17:51:11 - The following profiles are active: dev
2019-01-22 17:51:16 - Returning all the students with size 0
2019-01-22 17:51:17 - Started DemoApplication in 6.785 seconds (JVM running for 7.381)
2019-01-22 17:51:17 - Application has been launched
2019-01-22 17:54:56 - Starting DemoApplication on DESKTOP-7UPU59O with PID 14740 (C:\Users\MYZIFIR\Desktop\Works\spring-boot-prime-faces-master\target\classes started by MYZIFIR in C:\Users\MYZIFIR\Desktop\Works\spring-boot-prime-faces-master)
2019-01-22 17:54:56 - Running with Spring Boot v1.5.17.RELEASE, Spring v4.3.20.RELEASE
2019-01-22 17:54:56 - The following profiles are active: dev
2019-01-22 17:55:01 - Returning all the students with size 0
2019-01-22 17:55:02 - Started DemoApplication in 6.561 seconds (JVM running for 7.149)
2019-01-22 17:55:02 - Application has been launched
2019-01-22 17:57:11 - Starting DemoApplication on DESKTOP-7UPU59O with PID 11644 (C:\Users\MYZIFIR\Desktop\Works\spring-boot-prime-faces-master\target\classes started by MYZIFIR in C:\Users\MYZIFIR\Desktop\Works\spring-boot-prime-faces-master)
2019-01-22 17:57:11 - Running with Spring Boot v1.5.17.RELEASE, Spring v4.3.20.RELEASE
2019-01-22 17:57:11 - The following profiles are active: dev
2019-01-22 17:57:17 - Returning all the students with size 0
2019-01-22 17:57:18 - Started DemoApplication in 6.717 seconds (JVM running for 7.318)
2019-01-22 17:57:18 - Application has been launched
2019-01-22 18:05:23 - Starting DemoApplication on DESKTOP-7UPU59O with PID 10008 (C:\Users\MYZIFIR\Desktop\Works\spring-boot-prime-faces-master\target\classes started by MYZIFIR in C:\Users\MYZIFIR\Desktop\Works\spring-boot-prime-faces-master)
2019-01-22 18:05:23 - Running with Spring Boot v1.5.17.RELEASE, Spring v4.3.20.RELEASE
2019-01-22 18:05:23 - The following profiles are active: dev
2019-01-22 18:05:29 - Returning all the students with size 0
2019-01-22 18:05:30 - Started DemoApplication in 6.637 seconds (JVM running for 7.255)
2019-01-22 18:05:30 - Application has been launched
2019-01-22 18:12:27 - Girdik. {} 
2019-01-22 18:12:28 - new student is going to be saved: Student [studentNumber=null, studentName=Muammer, studentSurname=≈ûahin, phoneNumber=(232) 132-1321, city=null, distinct=√úrg√ºp, image=null] 
2019-01-22 18:12:28 - Student is saved: Student [studentNumber=4d2622dc, studentName=Muammer, studentSurname=≈ûahin, phoneNumber=(232) 132-1321, city=Nev≈üehir, distinct=√úrg√ºp, image=javax.sql.rowset.serial.SerialBlob@39d82ae0]
2019-01-22 18:12:28 - Returning all the students with size 1
2019-01-22 18:13:04 - Starting DemoApplication on DESKTOP-7UPU59O with PID 7452 (C:\Users\MYZIFIR\Desktop\Works\spring-boot-prime-faces-master\target\classes started by MYZIFIR in C:\Users\MYZIFIR\Desktop\Works\spring-boot-prime-faces-master)
2019-01-22 18:13:04 - Running with Spring Boot v1.5.17.RELEASE, Spring v4.3.20.RELEASE
2019-01-22 18:13:04 - The following profiles are active: dev
2019-01-22 18:13:09 - Returning all the students with size 1
2019-01-22 18:13:10 - Started DemoApplication in 6.68 seconds (JVM running for 7.283)
2019-01-22 18:13:10 - Application has been launched
2019-01-22 18:13:50 - Starting DemoApplication on DESKTOP-7UPU59O with PID 16996 (C:\Users\MYZIFIR\Desktop\Works\spring-boot-prime-faces-master\target\classes started by MYZIFIR in C:\Users\MYZIFIR\Desktop\Works\spring-boot-prime-faces-master)
2019-01-22 18:13:50 - Running with Spring Boot v1.5.17.RELEASE, Spring v4.3.20.RELEASE
2019-01-22 18:13:50 - The following profiles are active: dev
2019-01-22 18:13:55 - Returning all the students with size 0
2019-01-22 18:13:56 - Started DemoApplication in 6.606 seconds (JVM running for 7.201)
2019-01-22 18:13:56 - Application has been launched
2019-01-22 18:15:42 - Returning all the students with size 0
2019-01-22 18:16:07 - Girdik. {} 
2019-01-22 18:16:09 - new student is going to be saved: Student [studentNumber=null, studentName=qewqe, studentSurname=qwewqe, phoneNumber=(131) 232-3213, city=null, distinct=Kavak, image=null] 
2019-01-22 18:16:09 - Student is saved: Student [studentNumber=ce6d580a, studentName=qewqe, studentSurname=qwewqe, phoneNumber=(131) 232-3213, city=Samsun, distinct=Kavak, image=javax.sql.rowset.serial.SerialBlob@39d82ae0]
2019-01-22 18:16:09 - Returning all the students with size 1
2019-01-22 18:16:13 - Returning all the students with size 1
2019-01-22 18:16:18 - Returning all the students with size 1
2019-01-22 18:17:40 - Starting DemoApplication on DESKTOP-7UPU59O with PID 10844 (C:\Users\MYZIFIR\Desktop\Works\spring-boot-prime-faces-master\target\classes started by MYZIFIR in C:\Users\MYZIFIR\Desktop\Works\spring-boot-prime-faces-master)
2019-01-22 18:17:40 - Running with Spring Boot v1.5.17.RELEASE, Spring v4.3.20.RELEASE
2019-01-22 18:17:40 - The following profiles are active: dev
2019-01-22 18:17:46 - Returning all the students with size 0
2019-01-22 18:17:47 - Started DemoApplication in 6.609 seconds (JVM running for 7.204)
2019-01-22 18:17:47 - Application has been launched
2019-01-22 18:18:01 - Returning all the students with size 0
2019-01-22 18:18:19 - Girdik. {} 
2019-01-22 18:18:20 - new student is going to be saved: Student [studentNumber=null, studentName=eqwe, studentSurname=wqeqw, phoneNumber=(123) 123-2131, city=null, distinct=Ayvacƒ±k, image=null] 
2019-01-22 18:18:20 - Student is saved: Student [studentNumber=3bc00d09, studentName=eqwe, studentSurname=wqeqw, phoneNumber=(123) 123-2131, city=Samsun, distinct=Ayvacƒ±k, image=javax.sql.rowset.serial.SerialBlob@39d82ae0]
2019-01-22 18:18:20 - Returning all the students with size 1
2019-01-22 18:18:25 - Returning all the students with size 1
2019-01-22 18:19:51 - Starting DemoApplication on DESKTOP-7UPU59O with PID 10640 (C:\Users\MYZIFIR\Desktop\Works\spring-boot-prime-faces-master\target\classes started by MYZIFIR in C:\Users\MYZIFIR\Desktop\Works\spring-boot-prime-faces-master)
2019-01-22 18:19:51 - Running with Spring Boot v1.5.17.RELEASE, Spring v4.3.20.RELEASE
2019-01-22 18:19:51 - The following profiles are active: dev
2019-01-22 18:19:56 - Returning all the students with size 0
2019-01-22 18:19:57 - Started DemoApplication in 6.492 seconds (JVM running for 7.093)
2019-01-22 18:19:57 - Application has been launched
2019-01-22 18:20:14 - Girdik. {} 
2019-01-22 18:20:15 - new student is going to be saved: Student [studentNumber=null, studentName=qweqweqwe, studentSurname=123123213213, phoneNumber=(123) 213-2131, city=null, distinct=√úrg√ºp, image=null] 
2019-01-22 18:20:15 - Student is saved: Student [studentNumber=6fe4fc8a, studentName=qweqweqwe, studentSurname=123123213213, phoneNumber=(123) 213-2131, city=Nev≈üehir, distinct=√úrg√ºp, image=javax.sql.rowset.serial.SerialBlob@39d82ae0]
2019-01-22 18:20:15 - Returning all the students with size 1
2019-01-22 18:46:33 - Starting DemoApplication on DESKTOP-7UPU59O with PID 8832 (C:\Users\MYZIFIR\Desktop\Works\spring-boot-prime-faces-master\target\classes started by MYZIFIR in C:\Users\MYZIFIR\Desktop\Works\spring-boot-prime-faces-master)
2019-01-22 18:46:33 - Running with Spring Boot v1.5.17.RELEASE, Spring v4.3.20.RELEASE
2019-01-22 18:46:33 - The following profiles are active: dev
2019-01-22 18:46:38 - Returning all the students with size 0
2019-01-22 18:46:39 - Started DemoApplication in 6.458 seconds (JVM running for 7.074)
2019-01-22 18:46:39 - Application has been launched
2019-01-22 18:47:23 - Starting DemoApplicationTests on DESKTOP-7UPU59O with PID 6844 (started by MYZIFIR in C:\Users\MYZIFIR\Desktop\Works\spring-boot-prime-faces-master)
2019-01-22 18:47:23 - Running with Spring Boot v1.5.17.RELEASE, Spring v4.3.20.RELEASE
2019-01-22 18:47:23 - The following profiles are active: dev
2019-01-22 18:47:26 - Starting ProductRepositoryTest on DESKTOP-7UPU59O with PID 6844 (started by MYZIFIR in C:\Users\MYZIFIR\Desktop\Works\spring-boot-prime-faces-master)
2019-01-22 18:47:26 - Running with Spring Boot v1.5.17.RELEASE, Spring v4.3.20.RELEASE
2019-01-22 18:47:26 - The following profiles are active: dev
2019-01-22 18:49:28 - Starting DemoApplicationTests on DESKTOP-7UPU59O with PID 1196 (started by MYZIFIR in C:\Users\MYZIFIR\Desktop\Works\spring-boot-prime-faces-master)
2019-01-22 18:49:28 - Running with Spring Boot v1.5.17.RELEASE, Spring v4.3.20.RELEASE
2019-01-22 18:49:28 - The following profiles are active: dev
2019-01-22 18:49:31 - Starting ProductRepositoryTest on DESKTOP-7UPU59O with PID 1196 (started by MYZIFIR in C:\Users\MYZIFIR\Desktop\Works\spring-boot-prime-faces-master)
2019-01-22 18:49:31 - Running with Spring Boot v1.5.17.RELEASE, Spring v4.3.20.RELEASE
2019-01-22 18:49:31 - The following profiles are active: dev
2019-01-22 18:53:16 - Starting ProductRepositoryTest on DESKTOP-7UPU59O with PID 13316 (started by MYZIFIR in C:\Users\MYZIFIR\Desktop\Works\spring-boot-prime-faces-master)
2019-01-22 18:53:16 - Running with Spring Boot v1.5.17.RELEASE, Spring v4.3.20.RELEASE
2019-01-22 18:53:16 - The following profiles are active: dev
2019-01-22 18:59:26 - Starting ProductRepositoryTest on DESKTOP-7UPU59O with PID 13136 (started by MYZIFIR in C:\Users\MYZIFIR\Desktop\Works\spring-boot-prime-faces-master)
2019-01-22 18:59:26 - Running with Spring Boot v1.5.17.RELEASE, Spring v4.3.20.RELEASE
2019-01-22 18:59:26 - The following profiles are active: dev
2019-01-22 18:59:29 - Returning all the students with size 0
2019-01-22 18:59:31 - Started ProductRepositoryTest in 5.089 seconds (JVM running for 5.957)
2019-01-22 19:00:57 - Starting ProductRepositoryTest on DESKTOP-7UPU59O with PID 16084 (started by MYZIFIR in C:\Users\MYZIFIR\Desktop\Works\spring-boot-prime-faces-master)
2019-01-22 19:00:57 - Running with Spring Boot v1.5.17.RELEASE, Spring v4.3.20.RELEASE
2019-01-22 19:00:57 - The following profiles are active: dev
2019-01-22 19:01:01 - Returning all the students with size 0
2019-01-22 19:01:02 - Started ProductRepositoryTest in 4.977 seconds (JVM running for 5.868)
2019-01-22 19:01:07 - Starting DemoApplication on DESKTOP-7UPU59O with PID 2464 (C:\Users\MYZIFIR\Desktop\Works\spring-boot-prime-faces-master\target\classes started by MYZIFIR in C:\Users\MYZIFIR\Desktop\Works\spring-boot-prime-faces-master)
2019-01-22 19:01:07 - Running with Spring Boot v1.5.17.RELEASE, Spring v4.3.20.RELEASE
2019-01-22 19:01:07 - The following profiles are active: dev
2019-01-22 19:01:12 - Returning all the students with size 0
2019-01-22 19:01:14 - Started DemoApplication in 6.925 seconds (JVM running for 22.14)
2019-01-22 19:01:14 - Application has been launched
2019-01-22 19:01:48 - Starting ProductRepositoryTest on DESKTOP-7UPU59O with PID 5512 (started by MYZIFIR in C:\Users\MYZIFIR\Desktop\Works\spring-boot-prime-faces-master)
2019-01-22 19:01:48 - Running with Spring Boot v1.5.17.RELEASE, Spring v4.3.20.RELEASE
2019-01-22 19:01:48 - The following profiles are active: dev
2019-01-22 19:01:52 - Returning all the students with size 0
2019-01-22 19:01:53 - Started ProductRepositoryTest in 5.146 seconds (JVM running for 6.291)
2019-01-22 19:02:58 - Starting ProductRepositoryTest on DESKTOP-7UPU59O with PID 18040 (started by MYZIFIR in C:\Users\MYZIFIR\Desktop\Works\spring-boot-prime-faces-master)
2019-01-22 19:02:58 - Running with Spring Boot v1.5.17.RELEASE, Spring v4.3.20.RELEASE
2019-01-22 19:02:58 - The following profiles are active: dev
2019-01-22 19:03:10 - Starting DemoApplicationTests on DESKTOP-7UPU59O with PID 15812 (started by MYZIFIR in C:\Users\MYZIFIR\Desktop\Works\spring-boot-prime-faces-master)
2019-01-22 19:03:10 - Running with Spring Boot v1.5.17.RELEASE, Spring v4.3.20.RELEASE
2019-01-22 19:03:10 - The following profiles are active: dev
2019-01-22 19:03:13 - Returning all the students with size 0
2019-01-22 19:03:14 - Started DemoApplicationTests in 4.927 seconds (JVM running for 5.781)
2019-01-22 19:03:17 - Starting DemoApplication on DESKTOP-7UPU59O with PID 15516 (C:\Users\MYZIFIR\Desktop\Works\spring-boot-prime-faces-master\target\classes started by MYZIFIR in C:\Users\MYZIFIR\Desktop\Works\spring-boot-prime-faces-master)
2019-01-22 19:03:17 - Running with Spring Boot v1.5.17.RELEASE, Spring v4.3.20.RELEASE
2019-01-22 19:03:17 - The following profiles are active: dev
2019-01-22 19:03:22 - Returning all the students with size 0
2019-01-22 19:03:23 - Started DemoApplication in 6.613 seconds (JVM running for 19.167)
2019-01-22 19:03:23 - Application has been launched
2019-01-22 19:05:19 - Starting DemoApplicationTests on DESKTOP-7UPU59O with PID 336 (started by MYZIFIR in C:\Users\MYZIFIR\Desktop\Works\spring-boot-prime-faces-master)
2019-01-22 19:05:19 - Running with Spring Boot v1.5.17.RELEASE, Spring v4.3.20.RELEASE
2019-01-22 19:05:19 - The following profiles are active: dev
2019-01-22 19:05:22 - Returning all the students with size 0
2019-01-22 19:05:24 - Started DemoApplicationTests in 4.922 seconds (JVM running for 5.809)
2019-01-22 19:05:26 - Starting DemoApplication on DESKTOP-7UPU59O with PID 9000 (C:\Users\MYZIFIR\Desktop\Works\spring-boot-prime-faces-master\target\classes started by MYZIFIR in C:\Users\MYZIFIR\Desktop\Works\spring-boot-prime-faces-master)
2019-01-22 19:05:26 - Running with Spring Boot v1.5.17.RELEASE, Spring v4.3.20.RELEASE
2019-01-22 19:05:26 - The following profiles are active: dev
2019-01-22 19:05:32 - Returning all the students with size 0
2019-01-22 19:05:33 - Started DemoApplication in 7.041 seconds (JVM running for 19.656)
2019-01-22 19:05:33 - Application has been launched
2019-01-22 19:13:37 - Starting StudentRepositoryTest on DESKTOP-7UPU59O with PID 12900 (started by MYZIFIR in C:\Users\MYZIFIR\Desktop\Works\spring-boot-prime-faces-master)
2019-01-22 19:13:37 - Running with Spring Boot v1.5.17.RELEASE, Spring v4.3.20.RELEASE
2019-01-22 19:13:37 - The following profiles are active: dev
2019-01-22 19:13:42 - Started StudentRepositoryTest in 4.892 seconds (JVM running for 5.75)
2019-01-22 19:14:08 - Starting StudentRepositoryTest on DESKTOP-7UPU59O with PID 13696 (started by MYZIFIR in C:\Users\MYZIFIR\Desktop\Works\spring-boot-prime-faces-master)
2019-01-22 19:14:08 - Running with Spring Boot v1.5.17.RELEASE, Spring v4.3.20.RELEASE
2019-01-22 19:14:08 - The following profiles are active: dev
2019-01-22 19:14:13 - Started StudentRepositoryTest in 4.979 seconds (JVM running for 5.899)
2019-01-22 19:17:07 - Starting ApplicationTests on DESKTOP-7UPU59O with PID 14532 (started by MYZIFIR in C:\Users\MYZIFIR\Desktop\Works\spring-boot-prime-faces-master)
2019-01-22 19:17:07 - Running with Spring Boot v1.5.17.RELEASE, Spring v4.3.20.RELEASE
2019-01-22 19:17:07 - The following profiles are active: dev
2019-01-22 19:17:12 - Started ApplicationTests in 5.082 seconds (JVM running for 5.916)
2019-01-22 19:18:24 - Starting ApplicationTests on DESKTOP-7UPU59O with PID 11184 (started by MYZIFIR in C:\Users\MYZIFIR\Desktop\Works\spring-boot-prime-faces-master)
2019-01-22 19:18:24 - Running with Spring Boot v1.5.17.RELEASE, Spring v4.3.20.RELEASE
2019-01-22 19:18:24 - The following profiles are active: dev
2019-01-22 19:18:28 - Started ApplicationTests in 4.903 seconds (JVM running for 5.737)
2019-01-22 19:19:47 - Starting StudentRepositoryTest on DESKTOP-7UPU59O with PID 12660 (started by MYZIFIR in C:\Users\MYZIFIR\Desktop\Works\spring-boot-prime-faces-master)
2019-01-22 19:19:47 - Running with Spring Boot v1.5.17.RELEASE, Spring v4.3.20.RELEASE
2019-01-22 19:19:47 - The following profiles are active: dev
2019-01-22 19:19:52 - Started StudentRepositoryTest in 5.015 seconds (JVM running for 5.892)
2019-01-22 19:20:03 - Starting ApplicationTests on DESKTOP-7UPU59O with PID 5688 (started by MYZIFIR in C:\Users\MYZIFIR\Desktop\Works\spring-boot-prime-faces-master)
2019-01-22 19:20:03 - Running with Spring Boot v1.5.17.RELEASE, Spring v4.3.20.RELEASE
2019-01-22 19:20:03 - The following profiles are active: dev
2019-01-22 19:20:08 - Started ApplicationTests in 5.056 seconds (JVM running for 5.89)
2019-01-22 19:29:32 - Starting ApplicationTests on DESKTOP-7UPU59O with PID 13208 (started by MYZIFIR in C:\Users\MYZIFIR\Desktop\Works\spring-boot-prime-faces-master)
2019-01-22 19:29:32 - Running with Spring Boot v1.5.17.RELEASE, Spring v4.3.20.RELEASE
2019-01-22 19:29:32 - The following profiles are active: dev
2019-01-22 19:29:37 - Started ApplicationTests in 4.884 seconds (JVM running for 5.691)
2019-01-22 19:35:09 - Starting ApplicationTests on DESKTOP-7UPU59O with PID 9628 (started by MYZIFIR in C:\Users\MYZIFIR\Desktop\Works\spring-boot-prime-faces-master)
2019-01-22 19:35:09 - Running with Spring Boot v1.5.17.RELEASE, Spring v4.3.20.RELEASE
2019-01-22 19:35:09 - The following profiles are active: dev
2019-01-22 19:35:13 - Started ApplicationTests in 4.908 seconds (JVM running for 5.759)
2019-01-22 19:37:18 - Starting ApplicationTests on DESKTOP-7UPU59O with PID 228 (started by MYZIFIR in C:\Users\MYZIFIR\Desktop\Works\spring-boot-prime-faces-master)
2019-01-22 19:37:18 - Running with Spring Boot v1.5.17.RELEASE, Spring v4.3.20.RELEASE
2019-01-22 19:37:18 - The following profiles are active: dev
2019-01-22 19:37:23 - Started ApplicationTests in 5.346 seconds (JVM running for 6.409)
